1574248160048|Registry up and running!
1574248233244|GlobalRegistry processing put controleur rmi=localhost
1574248233313|GlobalRegistry processing put inPortCont1 rmi=localhost
1574248233358|GlobalRegistry processing put secheCheveux rmi=localhost
1574248233386|GlobalRegistry processing put laveLinge rmi=localhost
1574248233401|GlobalRegistry processing put refrigerateur rmi=localhost
1574248233409|GlobalRegistry processing put outPortCont1 rmi=localhost
1574248233414|GlobalRegistry processing put batterie rmi=localhost
1574248233415|GlobalRegistry processing put eolienne rmi=localhost
1574248233426|All connected!
1574248233426|GlobalRegistry processing put compteur rmi=localhost
1574248233441|GlobalRegistry processing put inPortSec rmi=localhost
1574248233449|GlobalRegistry processing put inPortLav rmi=localhost
1574248233477|GlobalRegistry processing put inPortRef rmi=localhost
1574248233477|GlobalRegistry processing put inPortBat rmi=localhost
1574248233485|GlobalRegistry processing put inPortCpt rmi=localhost
1574248233497|GlobalRegistry processing put outPortSec rmi=localhost
1574248233497|GlobalRegistry processing put inPortCont2 rmi=localhost
1574248233549|GlobalRegistry processing put outPortLav rmi=localhost
1574248233581|GlobalRegistry processing put outPortEol rmi=localhost
1574248233585|GlobalRegistry processing put outPortBat rmi=localhost
1574248233597|GlobalRegistry processing put outPortCont2 rmi=localhost
1574248233597|GlobalRegistry processing put outPortRef rmi=localhost
1574248233609|GlobalRegistry processing put outPortCpt rmi=localhost
1574248233689|GlobalRegistry processing put inPortCont3 rmi=localhost
1574248233741|GlobalRegistry processing put fr.sorbonne_u.components.reflection.interfaces.ReflectionI-ed4b2940-18a4-46c5-ac2b-726e7287fa9b rmi=localhost
1574248233777|GlobalRegistry processing put outPortCont3 rmi=localhost
1574248233817|GlobalRegistry processing put secheCheveux-dcc rmi=localhost
1574248233841|GlobalRegistry processing put fr.sorbonne_u.components.reflection.interfaces.ReflectionI-8a6a7826-bedc-4986-8255-222a4951f51f rmi=localhost
1574248233869|GlobalRegistry processing put fr.sorbonne_u.components.reflection.interfaces.ReflectionI-203bb9f5-25a2-4370-b70d-69a7d4454d13 rmi=localhost
1574248233893|GlobalRegistry processing put fr.sorbonne_u.components.reflection.interfaces.ReflectionI-b0fae063-ca89-4cad-b206-b8f20861ffe5 rmi=localhost
1574248233897|GlobalRegistry processing put eolienne-dcc rmi=localhost
1574248233929|GlobalRegistry processing put refrigerateur-dcc rmi=localhost
1574248233933|GlobalRegistry processing put laveLinge-dcc rmi=localhost
1574248233968|GlobalRegistry processing put outPortCont4 rmi=localhost
1574248233969|GlobalRegistry processing put batterie-dcc rmi=localhost
1574248234053|GlobalRegistry processing put inPortCont5 rmi=localhost
1574248234145|GlobalRegistry processing put outPortCont5 rmi=localhost
1574248234233|GlobalRegistry processing put inPortCont6 rmi=localhost
1574248234321|GlobalRegistry processing put outPortCont6 rmi=localhost
1574248234513|GlobalRegistry processing put fr.sorbonne_u.components.reflection.interfaces.ReflectionI-dedcf0e1-4b66-4d42-84c4-7522ecaa279f rmi=localhost
1574248234561|GlobalRegistry processing put controleur-dcc rmi=localhost
1574248234653|GlobalRegistry processing lookup outPortCpt
1574248234653|GlobalRegistry processing lookup outPortCont1
1574248234653|GlobalRegistry processing lookup outPortCont5
1574248234653|GlobalRegistry processing lookup outPortCont3
1574248234653|GlobalRegistry processing lookup outPortCont6
1574248234657|GlobalRegistry processing lookup outPortCont4
1574248234741|GlobalRegistry processing lookup inPortRef
1574248234745|GlobalRegistry processing lookup inPortCont1
1574248234829|GlobalRegistry processing lookup inPortEol
1574248234917|GlobalRegistry processing lookup inPortBat
1574248235005|GlobalRegistry processing lookup inPortCpt
1574248235093|GlobalRegistry processing lookup inPortLav
1574248235181|GlobalRegistry processing lookup inPortSec
1574248235269|GlobalRegistry processing lookup outPortEol
1574248235357|GlobalRegistry processing lookup inPortCont2
1574248235405|GlobalRegistry processing lookup outPortBat
1574248235449|GlobalRegistry processing lookup inPortCont3
1574248235497|GlobalRegistry processing lookup outPortLav
1574248235541|GlobalRegistry processing lookup inPortCont4
1574248235589|GlobalRegistry processing lookup outPortRef
1574248235633|GlobalRegistry processing lookup inPortCont5
1574248270840|GlobalRegistry processing null
1574248272625|GlobalRegistry processing null
1574248273656|GlobalRegistry processing null
1574248275184|GlobalRegistry processing null
1574248279072|GlobalRegistry processing null
1574248280271|GlobalRegistry processing null
1574248283480|GlobalRegistry processing null
1574248283481|Global registry shuts down!
